<?xml version="1.0" encoding="UTF-8"?>
<testsuite name="com.csc.ZipperTest" tests="6" skipped="0" failures="0" errors="0" timestamp="2024-10-13T22:52:05" hostname="Dakotas-Laptop.local" time="0.009">
  <properties/>
  <testcase name="testzipwithoutlists()" classname="com.csc.ZipperTest" time="0.005"/>
  <testcase name="testzipwithintegers()" classname="com.csc.ZipperTest" time="0.0"/>
  <testcase name="testzipwithstrings()" classname="com.csc.ZipperTest" time="0.0"/>
  <testcase name="testzipwithdifferentsizes()" classname="com.csc.ZipperTest" time="0.001"/>
  <testcase name="testzipwithonelist()" classname="com.csc.ZipperTest" time="0.001"/>
  <testcase name="itWorks()" classname="com.csc.ZipperTest" time="0.0"/>
  <system-out><![CDATA[]]></system-out>
  <system-err><![CDATA[]]></system-err>
</testsuite>
